<?xml version="1.0" encoding="UTF-8"?>
<testsuite name="MandelbrotTaskTest" tests="2" skipped="0" failures="0" errors="0" timestamp="2023-02-01T18:17:04" hostname="ADURO" time="0.003">
  <properties/>
  <testcase name="testComputeIterCount" classname="MandelbrotTaskTest" time="0.003"/>
  <testcase name="testGetComplex" classname="MandelbrotTaskTest" time="0.0"/>
  <system-out><![CDATA[]]></system-out>
  <system-err><![CDATA[]]></system-err>
</testsuite>
