<?xml version="1.0" encoding="UTF-8"?>
<testsuite name="DiskTest" tests="6" skipped="0" failures="0" errors="0" timestamp="2022-02-25T04:00:34" hostname="ADURO" time="0.002">
  <properties/>
  <testcase name="testGetColor" classname="DiskTest" time="0.001"/>
  <testcase name="testGetX" classname="DiskTest" time="0.0"/>
  <testcase name="testGetY" classname="DiskTest" time="0.0"/>
  <testcase name="testIsOutOfBounds" classname="DiskTest" time="0.001"/>
  <testcase name="testOverlaps" classname="DiskTest" time="0.0"/>
  <testcase name="testGetRadius" classname="DiskTest" time="0.0"/>
  <system-out><![CDATA[]]></system-out>
  <system-err><![CDATA[]]></system-err>
</testsuite>
